<?xml version="1.0" encoding="UTF-8"?>
<!-- Generated by org.testng.reporters.JUnitReportReporter -->
<testsuite name="CommonUtilities.Runner" tests="2" time="0.010" ignored="0" failures="0" timestamp="13 Mar 2018 19:50:39 GMT" skipped="1" hostname="LAPTOP-02H2H77P" errors="0">
  <testcase name="one" time="0.010" classname="CommonUtilities.Runner"/>
  <testcase name="feature" time="0.000" classname="CommonUtilities.Runner">
    <skipped/>
  </testcase> <!-- feature -->
</testsuite> <!-- CommonUtilities.Runner -->
