<?xml version="1.0" encoding="UTF-8"?>
<!-- Generated by org.testng.reporters.JUnitReportReporter -->
<testsuite name="com.qmetry.qaf.automation.step.client.DataDrivenScenario" tests="1" time="0.235" ignored="1" failures="0" timestamp="13 Mar 2018 19:30:26 GMT" skipped="0" hostname="LAPTOP-02H2H77P" errors="1">
  <testcase name="Verify with valid cred" time="0.235" classname="com.qmetry.qaf.automation.step.client.DataDrivenScenario">
    <error type="java.lang.Error" message="Unresolved compilation problems: 
	facebookloginpage cannot be resolved to a type
	facebookloginpage cannot be resolved to a type
	facebookloginpage cannot be resolved to a type
	facebookloginpage cannot be resolved to a type
	facebookloginpage cannot be resolved to a type
">
      <![CDATA[java.lang.Error: Unresolved compilation problems: 
	facebookloginpage cannot be resolved to a type
	facebookloginpage cannot be resolved to a type
	facebookloginpage cannot be resolved to a type
	facebookloginpage cannot be resolved to a type
	facebookloginpage cannot be resolved to a type

	at .Given open facebook page(src/main/resources/scenarios/FacebookLogin.feature:6)
	at com.quantum.steps.Facebooklogin.<init>(Facebooklogin.java:18)
	at java.lang.Class.newInstance(Unknown Source)
	at com.qmetry.qaf.automation.step.JavaStep.getClassInstance(JavaStep.java:311)
	at com.qmetry.qaf.automation.step.JavaStep.getStepProvider(JavaStep.java:190)
	at com.qmetry.qaf.automation.step.JavaStep.doExecute(JavaStep.java:153)
	at com.qmetry.qaf.automation.step.BaseTestStep.execute(BaseTestStep.java:149)
	at com.qmetry.qaf.automation.step.StringTestStep.execute(StringTestStep.java:134)
	at com.qmetry.qaf.automation.step.client.Scenario.execute(Scenario.java:167)
	at com.qmetry.qaf.automation.step.client.DataDrivenScenario.scenario(DataDrivenScenario.java:95)
]]>
    </error>
  </testcase> <!-- Verify with valid cred -->
  <testcase name="Verify with valid cred" classname="com.qmetry.qaf.automation.step.client.DataDrivenScenario">
    <skipped/>
  </testcase> <!-- Verify with valid cred -->
</testsuite> <!-- com.qmetry.qaf.automation.step.client.DataDrivenScenario -->
