<?xml version="1.0" encoding="UTF-8"?>
<!-- Generated by org.testng.reporters.JUnitReportReporter -->
<testsuite name="com.qmetry.qaf.automation.step.client.Scenario" tests="1" time="106.894" ignored="0" failures="0" timestamp="13 Mar 2018 20:53:44 GMT" skipped="0" hostname="LAPTOP-02H2H77P" errors="1">
  <testcase name="Verify i am on flipkart home page" time="106.894" classname="com.qmetry.qaf.automation.step.client.Scenario">
    <error type="java.lang.NoClassDefFoundError" message="Could not initialize class com.quantum.steps.Facebooklogin">
      <![CDATA[java.lang.NoClassDefFoundError: Could not initialize class com.quantum.steps.Facebooklogin
	at java.lang.Class.forName0(Native Method)
	at java.lang.Class.forName(Unknown Source)
	at com.qmetry.qaf.automation.util.ClassUtil.getClasses(ClassUtil.java:220)
	at com.qmetry.qaf.automation.util.ClassUtil.getClasses(ClassUtil.java:165)
	at com.qmetry.qaf.automation.core.ClassFinderFactory$DefaultClassFinder.getClasses(ClassFinderFactory.java:65)
	at com.qmetry.qaf.automation.step.JavaStepFinder.getAllJavaSteps(JavaStepFinder.java:77)
	at com.qmetry.qaf.automation.core.ConfigurationManager.getStepMapping(ConfigurationManager.java:321)
	at com.qmetry.qaf.automation.step.StringTestStep.getTestStep(StringTestStep.java:189)
	at com.qmetry.qaf.automation.step.StringTestStep.initStep(StringTestStep.java:78)
	at com.qmetry.qaf.automation.step.client.Scenario.execute(Scenario.java:187)
	at com.qmetry.qaf.automation.step.client.Scenario.scenario(Scenario.java:219)
	at sun.reflect.NativeMethodAccessorImpl.invoke0(Native Method)
	at sun.reflect.NativeMethodAccessorImpl.invoke(Unknown Source)
	at sun.reflect.DelegatingMethodAccessorImpl.invoke(Unknown Source)
	at java.lang.reflect.Method.invoke(Unknown Source)
	at org.testng.internal.MethodInvocationHelper.invokeMethod(MethodInvocationHelper.java:104)
	at org.testng.internal.Invoker.invokeMethod(Invoker.java:645)
	at org.testng.internal.Invoker.invokeTestMethod(Invoker.java:851)
	at org.testng.internal.Invoker.invokeTestMethods(Invoker.java:1177)
	at org.testng.internal.TestMethodWorker.invokeTestMethods(TestMethodWorker.java:129)
	at org.testng.internal.TestMethodWorker.run(TestMethodWorker.java:112)
	at org.testng.TestRunner.privateRun(TestRunner.java:781)
	at org.testng.TestRunner.run(TestRunner.java:635)
	at org.testng.SuiteRunner.runTest(SuiteRunner.java:387)
	at org.testng.SuiteRunner.runSequentially(SuiteRunner.java:382)
	at org.testng.SuiteRunner.privateRun(SuiteRunner.java:340)
	at org.testng.SuiteRunner.run(SuiteRunner.java:289)
	at org.testng.SuiteRunnerWorker.runSuite(SuiteRunnerWorker.java:52)
	at org.testng.SuiteRunnerWorker.run(SuiteRunnerWorker.java:86)
	at org.testng.TestNG.runSuitesSequentially(TestNG.java:1293)
	at org.testng.TestNG.runSuitesLocally(TestNG.java:1218)
	at org.testng.TestNG.runSuites(TestNG.java:1133)
	at org.testng.TestNG.run(TestNG.java:1104)
	at org.testng.remote.AbstractRemoteTestNG.run(AbstractRemoteTestNG.java:114)
	at org.testng.remote.RemoteTestNG.initAndRun(RemoteTestNG.java:251)
	at org.testng.remote.RemoteTestNG.main(RemoteTestNG.java:77)
]]>
    </error>
  </testcase> <!-- Verify i am on flipkart home page -->
</testsuite> <!-- com.qmetry.qaf.automation.step.client.Scenario -->
